;***** constantes *****
4000 0000 ; "h0000<"		;	h0000 <
4001 0000 ; "h0001<"		;	h0001 <
4002 0000 ; "h0002<"		;	h0002 <
4003 0000 ; "h0100<"		;	h0100 <
4004 0000 ; "hE300<"		;	hE300 <
4005 0000 ; "hD300<"		;	hD300 <
4006 0000 ; "hFF00<"		;	hFF00 <
4007 0000 ; "hFFFF<"		;	hFFFF <
4008 0000 ; "hFFFE<"		;	hFFFE <
4009 0000 ; "h0FFE<"		;	h0FFE <
4010 0000 ; "AmLoad<"		;	AmLoad <
4011 0000 ; "AmDownload<"		;	AmDownload <
4012 0000 ; "h0003<"		;	h0003 <
;***** variaveis para LOADER() *****
4013 0000 ; "LOADER_UL<"		;	LOADER_UL <
4014 0000 ; "LOADER_INI<"		;	LOADER_INI <
4015 0000 ; "LOADER_TAM<"		;	LOADER_TAM <
4016 0000 ; "LOADER_FINAL<"		;	LOADER_FINAL <
4017 0000 ; "LOADER_DATA_TEMP<"		;	LOADER_DATA_TEMP <
2000 0000 ; "LOADER>"		;	LOADER >


				;	& /0000

;**************************** LOADER() ***************************************;

8000 0000		;	LOADER  $ /0001   0
				;	LOADER  $ /0001
a002 a034		;	          SC READ
d004 9014		;	          MM LOADER_INI

a006 a034		;	          SC READ
d008 9015		;	          MM LOADER_TAM
d00a 6002		;	          *  h0002
d00c 4014		;	          +  LOADER_INI
d00e 9016		;	          MM LOADER_FINAL
d010 5009		;	          -  h0FFE ;verifica se cabe na memoria
a012 2018		;	          JN cabeNaMemoria
d014 8008		;	          LD hFFFE
a016 0032		;	          JP endLD

a018 1032		;	cabeNaMemoria JZ endLD
a01a a034		;	              SC READ
              ; ACC -> data
d01c 9017		;	              MM LOADER_DATA_TEMP
d01e 8011		;	              LD AmDownload
d020 4014		;	              + LOADER_INI
a022 9026		;	              MM ld_carmem
d024 8017		;	              LD LOADER_DATA_TEMP
8026 0000		;	ld_carmem     $   /0001   0
				;	ld_carmem     $   /0001
d028 8014		;	              LD LOADER_INI
d02a 4002		;	              + h0002
d02c 9014		;	              MM LOADER_INI
d02e 5016		;	              - LOADER_FINAL
a030 0018		;	              JP cabeNaMemoria

a032 b000		;	endLD   RS LOADER

8034 0000		;	READ $ /0001   0
				;	READ $ /0001
d036 8005		;	      LD hD300
d038 4013		;	      +  LOADER_UL
a03a 903c		;	      MM ld_ins0
803c 0000		;	ld_ins0   $ /0001 ;LEU primeira palavra : end inicial   0
				;	ld_ins0   $ /0001 ;LEU primeira palavra : end inicial
a03e b034		;	     RS READ


