;***** constantes *****
2000 0000 ; "h0000>"		;	h0000 >
2002 0000 ; "h0001>"		;	h0001 >
2004 0000 ; "h0002>"		;	h0002 >
2006 0000 ; "h0003>"		;	h0003 >
2008 0000 ; "h0004>"		;	h0004 >
200a 0000 ; "h0005>"		;	h0005 >
200c 0000 ; "h000A>"		;	h000A >
200e 0000 ; "h0010>"		;	h0010 >
2010 0000 ; "h0030>"		;	h0030 >
2012 0000 ; "h0037>"		;	h0037 >
2014 0000 ; "h003A>"		;	h003A >
2016 0000 ; "h0041>"		;	h0041 >
2018 0000 ; "h0047>"		;	h0047 >
201a 0000 ; "h0100>"		;	h0100 >
201c 0000 ; "h1000>"		;	h1000 >
202a 0000 ; "hE300>"		;	hE300 >
201e 0000 ; "hD300>"		;	hD300 >
2020 0000 ; "hFF00>"		;	hFF00 >
202c 0000 ; "hFFFF>"		;	hFFFF >
202e 0000 ; "hFFFC>"		;	hFFFC >
2030 0000 ; "hFFFE>"		;	hFFFE >
2022 0000 ; "h0FFE>"		;	h0FFE >
2024 0000 ; "AmLoad>"		;	AmLoad >
2026 0000 ; "AmDownload>"		;	AmDownload >
2028 0000 ; "AmGD>"		;	AmGD >

;***** EXECUTA ****
2096 0000 ; "EX_END_INI>"		;	EX_END_INI >
2098 0000 ; "EX_VERIFICA_PAR>"		;	EX_VERIFICA_PAR >

;***** variaveis para MonitorBatch() *****
;****by Manjubs
205c 0000 ; "hbb>"		;	hbb >
205e 0000 ; "hDASH>"		;	hDASH >
2060 0000 ; "hJB>"		;	hJB  >
2062 0000 ; "hEND>"		;	hEND  >
2064 0000 ; "hDU>"		;	hDU  >
2066 0000 ; "hLO>"		;	hLO  >
2068 0000 ; "hEOL>"		;	hEOL  >
206a 0000 ; "hEX>"		;	hEX   >
206c 0000 ; "numPar>"		;	numPar >
206e 0000 ; "wordDU>"		;	wordDU >

;***** variaveis para DUMPER() *****
2032 0000 ; "DUMP_INI>"		;	DUMP_INI  >
2034 0000 ; "DUMP_TAM>"		;	DUMP_TAM  >
2036 0000 ; "DUMP_UL>"		;	DUMP_UL   >
2038 0000 ; "DUMP_BL>"		;	DUMP_BL   >
203a 0000 ; "DUMP_EXE>"		;	DUMP_EXE  >
203c 0000 ; "DUMP_PT>"		;	DUMP_PT   >
203e 0000 ; "DUMP_LIM>"		;	DUMP_LIM  >
2040 0000 ; "DUMP_Count>"		;	DUMP_Count >
2042 0000 ; "DUMP_CS>"		;	DUMP_CS >
2044 0000 ; "DUMP_CTE>"		;	DUMP_CTE >
;***** variaveis para PRINTF() *****
2046 0000 ; "PRINT_DISCO>"		;	PRINT_DISCO >
2048 0000 ; "PRINT_UL>"		;	PRINT_UL >
204a 0000 ; "PRINTF_ACC>"		;	PRINTF_ACC >

;***** variaveis para LOADER() *****
204c 0000 ; "LOADER_UL>"		;	LOADER_UL >
204e 0000 ; "LOADER_INI>"		;	LOADER_INI >
2050 0000 ; "LOADER_TAM>"		;	LOADER_TAM >
2052 0000 ; "LOADER_FINAL>"		;	LOADER_FINAL >
2054 0000 ; "LOADER_DATA_TEMP>"		;	LOADER_DATA_TEMP >

2056 0000 ; "LOADER_BL_END>"		;	LOADER_BL_END >
2058 0000 ; "LOADER_BL_TAM>"		;	LOADER_BL_TAM >
205a 0000 ; "LOADER_BL_CS>"		;	LOADER_BL_CS >

;***** variaveis para PACK() *****
2070 0000 ; "packA>"		;	packA   >
2072 0000 ; "packB>"		;	packB   > 


;***** variaveis para UNPACK() *****
2074 0000 ; "unpackA>"		;	unpackA >
2076 0000 ; "unpackB>"		;	unpackB >
2078 0000 ; "temp>"		;	temp >

;***** variaveis para CHTOI() *****
207a 0000 ; "chtoiA>"		;	chtoiA  >
207c 0000 ; "chtoiB>"		;	chtoiB  >
2080 0000 ; "chtoiWordA>"		;	chtoiWordA >
2082 0000 ; "chtoiWordB>"		;	chtoiWordB >
2084 0000 ; "chtoiWordC>"		;	chtoiWordC >
2086 0000 ; "chtoiWordD>"		;	chtoiWordD >
207e 0000 ; "varNumberOrLetter>"		;	varNumberOrLetter >

;***** variaveis para ITOCH() *****
208a 0000 ; "RES1>"		;	RES1       >
208c 0000 ; "RES2>"		;	RES2       >
208e 0000 ; "A1>"		;	A1         >
2090 0000 ; "A2>"		;	A2         >
2092 0000 ; "B1>"		;	B1         >
2094 0000 ; "B2>"		;	B2         >

				;	& /0000
;***** constantes *****
8000 0000		;	h0000 K /0000
8002 0001		;	h0001 K /0001 
8004 0002		;	h0002 K /0002
8006 0003		;	h0003 K /0003
8008 0004		;	h0004 K /0004
800a 0005		;	h0005 K /0005
800c 000a		;	h000A K /000A
800e 0010		;	h0010 K /0010
8010 0030		;	h0030 K /0030
8012 0037		;	h0037 K /0037
8014 003a		;	h003A K /003A
8016 0041		;	h0041 K /0041
8018 0047		;	h0047 K /0047
801a 0100		;	h0100 K /0100
801c 1000		;	h1000 K /1000
801e d300		;	hD300 K /D300  
8020 ff00		;	hFF00 K /FF00
8022 0ffe		;	h0FFE K  /0FFE
8024 8000		;	AmLoad    K /8000
8026 9000		;	AmDownload k /9000
8028 d000		;	AmGD    K /D000
802a e300		;	hE300 K /E300
802c ffff		;	hFFFF K  /FFFF
802e fffc		;	hFFFC K  /FFFC
8030 fffe		;	hFFFE K  /FFFE

;***** variaveis para DUMPER() *****
8032 0000		;	DUMP_INI  $ /0001   0
				;	DUMP_INI  $ /0001
8034 0000		;	DUMP_TAM  $ /0001   0
				;	DUMP_TAM  $ /0001
8036 0000		;	DUMP_UL   $ /0001   0
				;	DUMP_UL   $ /0001
8038 0000		;	DUMP_BL   $ /0001   0
				;	DUMP_BL   $ /0001
803a 0000		;	DUMP_EXE  $ /0001   0
				;	DUMP_EXE  $ /0001

803c 0000		;	DUMP_PT   $ /0001   0
				;	DUMP_PT   $ /0001
803e 0000		;	DUMP_LIM  $ /0001   0
				;	DUMP_LIM  $ /0001
8040 0000		;	DUMP_Count $ /0001   0
				;	DUMP_Count $ /0001
8042 0000		;	DUMP_CS   $ /0001   0
				;	DUMP_CS   $ /0001
8044 0000		;	DUMP_CTE  $ /0001   0
				;	DUMP_CTE  $ /0001

;***** variaveis para PRINTF() *****
8046 0000		;	PRINT_DISCO $ /0001   0
				;	PRINT_DISCO $ /0001
8048 0000		;	PRINT_UL $ /0001   0
				;	PRINT_UL $ /0001
804a 0000		;	PRINTF_ACC $ /0001   0
				;	PRINTF_ACC $ /0001

;***** variaveis para LOADER() *****
804c 0000		;	LOADER_UL $ /0001   0
				;	LOADER_UL $ /0001
804e 0000		;	LOADER_INI $ /0001   0
				;	LOADER_INI $ /0001
8050 0000		;	LOADER_TAM $ /0001   0
				;	LOADER_TAM $ /0001
8052 0000		;	LOADER_FINAL $ /0001   0
				;	LOADER_FINAL $ /0001
8054 0000		;	LOADER_DATA_TEMP $ /0001   0
				;	LOADER_DATA_TEMP $ /0001

8056 0000		;	LOADER_BL_END $ /0001   0
				;	LOADER_BL_END $ /0001
8058 0000		;	LOADER_BL_TAM $ /0001   0
				;	LOADER_BL_TAM $ /0001
805a 0000		;	LOADER_BL_CS $ /0001   0
				;	LOADER_BL_CS $ /0001

;***** variaveis para MonitorBatch() *****
;****by Manjubs
805c 2020		;	hbb K  /2020 ;bb
805e 2f2f		;	hDASH K  /2F2f ;// 
8060 4a42		;	hJB  K  /4A42 ;JB (maiúsculo!)
8062 2f2a		;	hEND  K  /2F2A ;/*
8064 4455		;	hDU  K  /4455 ;DU
8066 4c4f		;	hLO  K  /4C4F ;LO
8068 0d0a		;	hEOL K  /0D0A
806a 4558		;	hEX  K  /4558

806c 0000		;	numPar  $  /0001   0
				;	numPar  $  /0001
806e 0000		;	wordDU  $ /0001   0
				;	wordDU  $ /0001

;***** variaveis para PACK() *****
8070 0000		;	packA $ /0001 ;entrada 1 de PACK      0
				;	packA $ /0001 ;entrada 1 de PACK   
8072 0000		;	packB $ /0001 ;entrada 2 de PACK           0
				;	packB $ /0001 ;entrada 2 de PACK        

;***** variaveis para UNPACK() *****
8074 0000		;	unpackA $ /0001   0
				;	unpackA $ /0001
8076 0000		;	unpackB $ /0001   0
				;	unpackB $ /0001
8078 0000		;	temp $ /0001   0
				;	temp $ /0001

;***** variaveis para CHTOI() *****
807a 0000		;	chtoiA  $ /0001 ; /3132   0
				;	chtoiA  $ /0001 ; /3132
807c 0000		;	chtoiB  $ /0001 ; /3334   0
				;	chtoiB  $ /0001 ; /3334
807e 0000		;	varNumberOrLetter $ /0001   0
				;	varNumberOrLetter $ /0001

8080 0000		;	chtoiWordA $ /0001 ;/0031   0
				;	chtoiWordA $ /0001 ;/0031
8082 0000		;	chtoiWordB $ /0001 ;/0032   0
				;	chtoiWordB $ /0001 ;/0032
8084 0000		;	chtoiWordC $ /0001 ;/0033   0
				;	chtoiWordC $ /0001 ;/0033
8086 0000		;	chtoiWordD $ /0001 ;/0034   0
				;	chtoiWordD $ /0001 ;/0034
8088 0000		;	chtoiFINAL $ /0001   0
				;	chtoiFINAL $ /0001

;***** variaveis para ITOCH() *****
808a 0000		;	  RES1       $ /0001   0
				;	  RES1       $ /0001
808c 0000		;	  RES2       $ /0001   0
				;	  RES2       $ /0001
808e 0000		;	  A1         $ /0001   0
				;	  A1         $ /0001
8090 0000		;	  A2         $ /0001   0
				;	  A2         $ /0001
8092 0000		;	  B1         $ /0001   0
				;	  B1         $ /0001
8094 0000		;	  B2         $ /0001   0
				;	  B2         $ /0001

;***** EXECUTA ****
8096 0000		;	  EX_END_INI $  /0001   0
				;	  EX_END_INI $  /0001
8098 0fff		;	  EX_VERIFICA_PAR K /0FFF

