;***** constantes *****
2000 0000 ; "h0000>"		;	h0000 >
2002 0000 ; "h0001>"		;	h0001 >
2004 0000 ; "h0002>"		;	h0002 >
2006 0000 ; "h0003>"		;	h0003 >
2008 0000 ; "h0100>"		;	h0100 >
2014 0000 ; "hE300>"		;	hE300 >
200a 0000 ; "hFF00>"		;	hFF00 >
0000 0000 ; "hFFFF>"		;	hFFFF >
200c 0000 ; "h0FFE>"		;	h0FFE >
200e 0000 ; "AmLoad>"		;	AmLoad >
2010 0000 ; "AmDownload>"		;	AmDownload >
2012 0000 ; "AmGD>"		;	AmGD >

;***** variaveis para DUMPER() *****
2016 0000 ; "DUMP_INI>"		;	DUMP_INI  >
2018 0000 ; "DUMP_TAM>"		;	DUMP_TAM  >
201a 0000 ; "DUMP_UL>"		;	DUMP_UL   >
201c 0000 ; "DUMP_BL>"		;	DUMP_BL   >
201e 0000 ; "DUMP_EXE>"		;	DUMP_EXE  >
2020 0000 ; "DUMP_PT>"		;	DUMP_PT   >
2022 0000 ; "DUMP_LIM>"		;	DUMP_LIM  >

				;	& /0000
;***** constantes *****
8000 0000		;	h0000 K /0000
8002 0001		;	h0001 K /0001 
8004 0002		;	h0002 K /0002
8006 0003		;	h0003 K /0003  
8008 0100		;	h0100 K /0100  
800a ff00		;	hFF00 K /FF00
800c 0ffe		;	h0FFE K  /0FFE
800e 8000		;	AmLoad    K /8000
8010 9000		;	AmDownload k /9000
8012 d000		;	AmGD    K /D000
8014 e300		;	hE300 K /E300


;***** variaveis para DUMPER() *****
8016 0000		;	DUMP_INI  $ /0001   0
				;	DUMP_INI  $ /0001
8018 0000		;	DUMP_TAM  $ /0001   0
				;	DUMP_TAM  $ /0001
801a 0000		;	DUMP_UL   $ /0001   0
				;	DUMP_UL   $ /0001
801c 0000		;	DUMP_BL   $ /0001   0
				;	DUMP_BL   $ /0001
801e 0000		;	DUMP_EXE  $ /0001   0
				;	DUMP_EXE  $ /0001

8020 0000		;	DUMP_PT   $ /0001   0
				;	DUMP_PT   $ /0001
8022 0000		;	DUMP_LIM  $ /0001   0
				;	DUMP_LIM  $ /0001
